Argentina
Chile
Argentina
Chile
Argentina
Portugal
Chile
Argentina
Portugal
Espanha
<models.Node.Node object at 0x10309add0>
Chile
Argentina
Portugal
Espanha
Franca
<models.Node.Node object at 0x10309add0>
Chile
Argentina
Portugal
Italia
Espanha
Franca
China
Chile
Argentina
Portugal
Italia
Espanha
Franca
China
Japao
Chile
Argentina
Portugal
Italia
Espanha
Franca
China
Japao
Angola
Chile
Argentina
Portugal
Italia
Espanha
Franca
Item found
O país Portugal encontra-se na lista.
item not found
O país Alemanha não se  na lista.
China
Japao
Angola
Argentina
Portugal
Italia
Espanha
Franca
O número de elementos são 8.
